info it worked if it ends with ok
verbose cli [ '/usr/bin/nodejs', '/usr/bin/npm', 'install', '-g', 'node-gyp' ]
info using npm@1.1.4
info using node@v0.6.19
verbose config file /home/dan/.npmrc
verbose config file /usr/etc/npmrc
verbose config file /usr/share/npm/npmrc
silly exec /usr/bin/nodejs "/usr/share/npm/bin/npm-get-uid-gid.js" "nobody" 1000
silly spawning [ '/usr/bin/nodejs',
silly spawning   [ '/usr/share/npm/bin/npm-get-uid-gid.js', 'nobody', 1000 ],
silly spawning   null ]
silly output from getuid/gid {"uid":65534,"gid":1000}
silly output from getuid/gid 
verbose cache add [ 'node-gyp', null ]
silly cache add: name, spec, args [ undefined, 'node-gyp', [ 'node-gyp', null ] ]
verbose parsed url { pathname: 'node-gyp', path: 'node-gyp', href: 'node-gyp' }
verbose addNamed [ 'node-gyp', '' ]
verbose addNamed [ null, '' ]
silly name, range, hasData [ 'node-gyp', '', false ]
verbose raw, before any munging node-gyp
verbose url resolving [ 'https://registry.npmjs.org/', './node-gyp' ]
verbose url resolved https://registry.npmjs.org/node-gyp
http GET https://registry.npmjs.org/node-gyp
ERR! Error: failed to fetch from registry: node-gyp
ERR!     at /usr/share/npm/lib/utils/npm-registry-client/get.js:139:12
ERR!     at cb (/usr/share/npm/lib/utils/npm-registry-client/request.js:31:9)
ERR!     at Request._callback (/usr/share/npm/lib/utils/npm-registry-client/request.js:136:18)
ERR!     at Request.callback (/usr/lib/nodejs/request/main.js:119:22)
ERR!     at Request.<anonymous> (/usr/lib/nodejs/request/main.js:212:58)
ERR!     at Request.emit (events.js:88:20)
ERR!     at ClientRequest.<anonymous> (/usr/lib/nodejs/request/main.js:209:10)
ERR!     at ClientRequest.emit (events.js:67:17)
ERR!     at CleartextStream.socketCloseListener (http.js:1173:9)
ERR!     at CleartextStream.emit (events.js:88:20)
ERR! You may report this log at:
ERR!     <http://bugs.debian.org/npm>
ERR! or use
ERR!     reportbug --attach /home/dan/Banvas/npm-debug.log npm
ERR! 
ERR! System Linux 3.5.0-17-generic
ERR! command "/usr/bin/nodejs" "/usr/bin/npm" "install" "-g" "node-gyp"
ERR! cwd /home/dan/Banvas
ERR! node -v v0.6.19
ERR! npm -v 1.1.4
ERR! message failed to fetch from registry: node-gyp
verbose exit [ 1, true ]
